2015-11-13 17:47:08.367 [qtp1629948655-20] [INFO ]  com.dot.live.cms.web.UeditorController {UeditorController.java:72} - {"文件长度":18131,"文件名称":"files","文件类型":"image/jpeg","文件原名":"F730E99D1A545CCC9F7410103A4131F5.jpg"}
2015-11-13 20:30:48.481 [qtp113846496-21] [INFO ]  com.dot.live.cms.web.UeditorController {UeditorController.java:72} - {"文件长度":18131,"文件名称":"files","文件类型":"image/jpeg","文件原名":"F730E99D1A545CCC9F7410103A4131F5.jpg"}
2015-11-13 20:38:44.690 [qtp583449452-21] [INFO ]  com.dot.live.cms.web.UeditorController {UeditorController.java:75} - {"文件长度":18131,"文件名称":"files","文件类型":"image/jpeg","文件原名":"F730E99D1A545CCC9F7410103A4131F5.jpg"}
2015-11-13 20:44:19.675 [qtp1245643453-27] [INFO ]  com.dot.live.cms.web.UeditorController {UeditorController.java:75} - {"文件长度":18131,"文件名称":"files","文件类型":"image/jpeg","文件原名":"F730E99D1A545CCC9F7410103A4131F5.jpg"}
2015-11-13 20:46:47.267 [qtp1345420674-24] [INFO ]  com.dot.live.cms.web.UeditorController {UeditorController.java:75} - {"文件长度":18131,"文件名称":"files","文件类型":"image/jpeg","文件原名":"F730E99D1A545CCC9F7410103A4131F5.jpg"}
2015-11-13 20:48:04.668 [qtp1345420674-26] [INFO ]  com.dot.live.cms.web.UeditorController {UeditorController.java:75} - {"文件长度":18131,"文件名称":"files","文件类型":"image/jpeg","文件原名":"F730E99D1A545CCC9F7410103A4131F5.jpg"}
2015-11-13 20:50:36.471 [qtp1629948655-26] [INFO ]  com.dot.live.cms.web.UeditorController {UeditorController.java:75} - {"文件长度":18131,"文件名称":"files","文件类型":"image/jpeg","文件原名":"F730E99D1A545CCC9F7410103A4131F5.jpg"}
2015-11-13 20:52:31.119 [qtp1345420674-23] [INFO ]  com.dot.live.cms.web.UeditorController {UeditorController.java:75} - {"文件长度":18131,"文件名称":"files","文件类型":"image/jpeg","文件原名":"F730E99D1A545CCC9F7410103A4131F5.jpg"}
2015-11-13 20:53:51.988 [qtp1245643453-21] [INFO ]  com.dot.live.cms.web.UeditorController {UeditorController.java:75} - {"文件长度":18131,"文件名称":"files","文件类型":"image/jpeg","文件原名":"F730E99D1A545CCC9F7410103A4131F5.jpg"}
2015-11-13 20:58:16.265 [qtp1345420674-24] [INFO ]  com.dot.live.cms.web.UeditorController {UeditorController.java:77} - {"文件长度":18131,"文件名称":"files","文件类型":"image/jpeg","文件原名":"F730E99D1A545CCC9F7410103A4131F5.jpg"}
2015-11-13 20:59:12.709 [qtp850282716-26] [INFO ]  com.dot.live.cms.web.UeditorController {UeditorController.java:77} - {"文件长度":18131,"文件名称":"files","文件类型":"image/jpeg","文件原名":"F730E99D1A545CCC9F7410103A4131F5.jpg"}
2015-11-13 21:00:05.753 [qtp850282716-25] [INFO ]  com.dot.live.cms.web.UeditorController {UeditorController.java:77} - {"文件长度":18131,"文件名称":"files","文件类型":"image/jpeg","文件原名":"F730E99D1A545CCC9F7410103A4131F5.jpg"}
2015-11-13 21:03:16.605 [qtp1345420674-27] [INFO ]  com.dot.live.cms.web.UeditorController {UeditorController.java:77} - {"文件长度":18131,"文件名称":"files","文件类型":"image/jpeg","文件原名":"F730E99D1A545CCC9F7410103A4131F5.jpg"}
2015-11-13 21:05:25.187 [qtp1345420674-27] [INFO ]  com.dot.live.cms.web.UeditorController {UeditorController.java:77} - {"文件长度":18131,"文件名称":"files","文件类型":"image/jpeg","文件原名":"F730E99D1A545CCC9F7410103A4131F5.jpg"}
2015-11-13 21:13:09.074 [qtp1629948655-26] [INFO ]  com.dot.live.cms.web.UeditorController {UeditorController.java:79} - {"文件长度":18131,"文件名称":"files","文件类型":"image/jpeg","文件原名":"F730E99D1A545CCC9F7410103A4131F5.jpg"}
2015-11-13 21:20:02.864 [qtp850282716-26] [INFO ]  com.dot.live.cms.web.UeditorController {UeditorController.java:79} - {"文件长度":18131,"文件名称":"files","文件类型":"image/jpeg","文件原名":"F730E99D1A545CCC9F7410103A4131F5.jpg"}
2015-11-13 21:37:50.861 [qtp1629948655-25] [INFO ]  com.dot.live.cms.web.UeditorController {UeditorController.java:79} - {"文件长度":18131,"文件名称":"files","文件类型":"image/jpeg","文件原名":"F730E99D1A545CCC9F7410103A4131F5.jpg"}
2015-11-13 21:40:24.138 [qtp850282716-25] [INFO ]  com.dot.live.cms.web.UeditorController {UeditorController.java:79} - {"文件长度":18131,"文件名称":"files","文件类型":"image/jpeg","文件原名":"F730E99D1A545CCC9F7410103A4131F5.jpg"}
2015-11-13 21:57:27.111 [qtp1629948655-25] [INFO ]  com.dot.live.cms.web.UeditorController {UeditorController.java:79} - {"文件长度":18131,"文件名称":"files","文件类型":"image/jpeg","文件原名":"F730E99D1A545CCC9F7410103A4131F5.jpg"}
2015-11-13 22:10:18.202 [qtp1345420674-27] [INFO ]  com.dot.live.cms.web.UeditorController {UeditorController.java:79} - {"文件长度":18131,"文件名称":"files","文件类型":"image/jpeg","文件原名":"F730E99D1A545CCC9F7410103A4131F5.jpg"}
2015-11-14 15:10:21.581 [qtp1629948655-25] [INFO ]  com.dot.live.cms.web.UeditorController {UeditorController.java:79} - {"文件长度":641683,"文件名称":"files","文件类型":"image/jpeg","文件原名":"201401291028325645.jpg"}
2015-12-23 17:40:01.435 [qtp288562406-22] [INFO ]  com.dot.live.cms.web.UeditorController {UeditorController.java:84} - {"文件长度":242966,"文件名称":"upload","文件类型":"image/png","文件原名":"nginx.png"}
2015-12-23 17:44:30.677 [qtp288562406-25] [INFO ]  com.dot.live.cms.web.UeditorController {UeditorController.java:84} - {"文件长度":241216,"文件名称":"upload","文件类型":"image/png","文件原名":"无标题.png"}
2015-12-23 18:01:11.405 [qtp1858923615-26] [INFO ]  com.dot.live.cms.web.UeditorController {UeditorController.java:82} - {"文件长度":242966,"文件名称":"upload","文件类型":"image/png","文件原名":"nginx.png"}
2015-12-23 18:07:46.267 [qtp1858923615-27] [INFO ]  com.dot.live.cms.web.UeditorController {UeditorController.java:82} - {"文件长度":242966,"文件名称":"upload","文件类型":"image/png","文件原名":"nginx.png"}
2015-12-23 18:07:59.300 [qtp1858923615-27] [INFO ]  com.dot.live.cms.web.UeditorController {UeditorController.java:82} - {"文件长度":879394,"文件名称":"upload","文件类型":"image/jpeg","文件原名":"Chrysanthemum.jpg"}
2015-12-23 18:11:40.832 [qtp1858923615-27] [INFO ]  com.dot.live.cms.web.UeditorController {UeditorController.java:82} - {"文件长度":879394,"文件名称":"upload","文件类型":"image/jpeg","文件原名":"Chrysanthemum.jpg"}
2015-12-23 18:14:10.815 [qtp1858923615-26] [INFO ]  com.dot.live.cms.web.UeditorController {UeditorController.java:82} - {"文件长度":879394,"文件名称":"upload","文件类型":"image/jpeg","文件原名":"Chrysanthemum.jpg"}
2015-12-23 18:22:07.657 [qtp1858923615-24] [INFO ]  com.dot.live.cms.web.UeditorController {UeditorController.java:82} - {"文件长度":595284,"文件名称":"upload","文件类型":"image/jpeg","文件原名":"Hydrangeas.jpg"}
2015-12-23 18:23:11.231 [qtp1858923615-25] [INFO ]  com.dot.live.cms.web.UeditorController {UeditorController.java:82} - {"文件长度":775702,"文件名称":"upload","文件类型":"image/jpeg","文件原名":"Jellyfish.jpg"}
